# JRE version: Java(TM) SE Runtime Environment (8.0_91-b15) (build 1.8.0_91-b15)
# Java VM: Java HotSpot(TM) 64-Bit Server VM (25.91-b15 mixed mode windows-amd64 compressed oops)
Heap:
 PSYoungGen      total 402432K, used 49791K [0x000000076b200000, 0x0000000787780000, 0x00000007c0000000)
  eden space 386560K, 8% used [0x000000076b200000,0x000000076d322e88,0x0000000782b80000)
  from space 15872K, 99% used [0x0000000782b80000,0x0000000783afcf58,0x0000000783b00000)
  to   space 12800K, 0% used [0x0000000783b00000,0x0000000783b00000,0x0000000784780000)
 ParOldGen       total 134144K, used 25962K [0x00000006c1600000, 0x00000006c9900000, 0x000000076b200000)
  object space 134144K, 19% used [0x00000006c1600000,0x00000006c2f5aac0,0x00000006c9900000)
 Metaspace       used 45102K, capacity 47192K, committed 47232K, reserved 1089536K
  class space    used 6069K, capacity 6492K, committed 6528K, reserved 1048576K
GC Heap History (10 events):
Event: 1.812 GC heap before
{Heap before GC invocations=7 (full 1):
 PSYoungGen      total 141824K, used 131072K [0x000000076b200000, 0x000000077c700000, 0x00000007c0000000)
  eden space 131072K, 100% used [0x000000076b200000,0x0000000773200000,0x0000000773200000)
  from space 10752K, 0% used [0x0000000773200000,0x0000000773200000,0x0000000773c80000)
  to   space 10752K, 0% used [0x000000077bc80000,0x000000077bc80000,0x000000077c700000)
 ParOldGen       total 85504K, used 5916K [0x00000006c1600000, 0x00000006c6980000, 0x000000076b200000)
  object space 85504K, 6% used [0x00000006c1600000,0x00000006c1bc7060,0x00000006c6980000)
 Metaspace       used 26408K, capacity 27448K, committed 27648K, reserved 1073152K
  class space    used 3535K, capacity 3777K, committed 3840K, reserved 1048576K
Event: 1.817 GC heap after
Heap after GC invocations=7 (full 1):
 PSYoungGen      total 237056K, used 8119K [0x000000076b200000, 0x000000077c480000, 0x00000007c0000000)
  eden space 228864K, 0% used [0x000000076b200000,0x000000076b200000,0x0000000779180000)
  from space 8192K, 99% used [0x000000077bc80000,0x000000077c46dd00,0x000000077c480000)
  to   space 10752K, 0% used [0x000000077af80000,0x000000077af80000,0x000000077ba00000)
 ParOldGen       total 85504K, used 5988K [0x00000006c1600000, 0x00000006c6980000, 0x000000076b200000)
  object space 85504K, 7% used [0x00000006c1600000,0x00000006c1bd9070,0x00000006c6980000)
 Metaspace       used 26408K, capacity 27448K, committed 27648K, reserved 1073152K
  class space    used 3535K, capacity 3777K, committed 3840K, reserved 1048576K
}
Event: 2.361 GC heap before
{Heap before GC invocations=8 (full 1):
 PSYoungGen      total 237056K, used 236983K [0x000000076b200000, 0x000000077c480000, 0x00000007c0000000)
  eden space 228864K, 100% used [0x000000076b200000,0x0000000779180000,0x0000000779180000)
  from space 8192K, 99% used [0x000000077bc80000,0x000000077c46dd00,0x000000077c480000)
  to   space 10752K, 0% used [0x000000077af80000,0x000000077af80000,0x000000077ba00000)
 ParOldGen       total 85504K, used 5988K [0x00000006c1600000, 0x00000006c6980000, 0x000000076b200000)
  object space 85504K, 7% used [0x00000006c1600000,0x00000006c1bd9070,0x00000006c6980000)
 Metaspace       used 29366K, capacity 30572K, committed 30848K, reserved 1075200K
  class space    used 3933K, capacity 4185K, committed 4224K, reserved 1048576K
Event: 2.368 GC heap after
Heap after GC invocations=8 (full 1):
 PSYoungGen      total 270336K, used 10743K [0x000000076b200000, 0x0000000784780000, 0x00000007c0000000)
  eden space 259584K, 0% used [0x000000076b200000,0x000000076b200000,0x000000077af80000)
  from space 10752K, 99% used [0x000000077af80000,0x000000077b9fdf78,0x000000077ba00000)
  to   space 12800K, 0% used [0x0000000783b00000,0x0000000783b00000,0x0000000784780000)
 ParOldGen       total 85504K, used 8341K [0x00000006c1600000, 0x00000006c6980000, 0x000000076b200000)
  object space 85504K, 9% used [0x00000006c1600000,0x00000006c1e256d0,0x00000006c6980000)
 Metaspace       used 29366K, capacity 30572K, committed 30848K, reserved 1075200K
  class space    used 3933K, capacity 4185K, committed 4224K, reserved 1048576K
}
Event: 2.913 GC heap before
{Heap before GC invocations=9 (full 1):
 PSYoungGen      total 270336K, used 189145K [0x000000076b200000, 0x0000000784780000, 0x00000007c0000000)
  eden space 259584K, 68% used [0x000000076b200000,0x00000007760387b8,0x000000077af80000)
  from space 10752K, 99% used [0x000000077af80000,0x000000077b9fdf78,0x000000077ba00000)
  to   space 12800K, 0% used [0x0000000783b00000,0x0000000783b00000,0x0000000784780000)
 ParOldGen       total 85504K, used 8341K [0x00000006c1600000, 0x00000006c6980000, 0x000000076b200000)
  object space 85504K, 9% used [0x00000006c1600000,0x00000006c1e256d0,0x00000006c6980000)
 Metaspace       used 34031K, capacity 35292K, committed 35456K, reserved 1079296K
  class space    used 4592K, capacity 4872K, committed 4992K, reserved 1048576K
Event: 2.923 GC heap after
Heap after GC invocations=9 (full 1):
 PSYoungGen      total 399360K, used 12788K [0x000000076b200000, 0x0000000787780000, 0x00000007c0000000)
  eden space 386560K, 0% used [0x000000076b200000,0x000000076b200000,0x0000000782b80000)
  from space 12800K, 99% used [0x0000000783b00000,0x000000078477d320,0x0000000784780000)
  to   space 15872K, 0% used [0x0000000782b80000,0x0000000782b80000,0x0000000783b00000)
 ParOldGen       total 85504K, used 12389K [0x00000006c1600000, 0x00000006c6980000, 0x000000076b200000)
  object space 85504K, 14% used [0x00000006c1600000,0x00000006c22194a8,0x00000006c6980000)
 Metaspace       used 34031K, capacity 35292K, committed 35456K, reserved 1079296K
  class space    used 4592K, capacity 4872K, committed 4992K, reserved 1048576K
}
Event: 2.923 GC heap before
{Heap before GC invocations=10 (full 2):
 PSYoungGen      total 399360K, used 12788K [0x000000076b200000, 0x0000000787780000, 0x00000007c0000000)
  eden space 386560K, 0% used [0x000000076b200000,0x000000076b200000,0x0000000782b80000)
  from space 12800K, 99% used [0x0000000783b00000,0x000000078477d320,0x0000000784780000)
  to   space 15872K, 0% used [0x0000000782b80000,0x0000000782b80000,0x0000000783b00000)
 ParOldGen       total 85504K, used 12389K [0x00000006c1600000, 0x00000006c6980000, 0x000000076b200000)
  object space 85504K, 14% used [0x00000006c1600000,0x00000006c22194a8,0x00000006c6980000)
 Metaspace       used 34031K, capacity 35292K, committed 35456K, reserved 1079296K
  class space    used 4592K, capacity 4872K, committed 4992K, reserved 1048576K
Event: 2.965 GC heap after
Heap after GC invocations=10 (full 2):
 PSYoungGen      total 399360K, used 0K [0x000000076b200000, 0x0000000787780000, 0x00000007c0000000)
  eden space 386560K, 0% used [0x000000076b200000,0x000000076b200000,0x0000000782b80000)
  from space 12800K, 0% used [0x0000000783b00000,0x0000000783b00000,0x0000000784780000)
  to   space 15872K, 0% used [0x0000000782b80000,0x0000000782b80000,0x0000000783b00000)
 ParOldGen       total 134144K, used 21922K [0x00000006c1600000, 0x00000006c9900000, 0x000000076b200000)
  object space 134144K, 16% used [0x00000006c1600000,0x00000006c2b68a20,0x00000006c9900000)
 Metaspace       used 34031K, capacity 35292K, committed 35456K, reserved 1079296K
  class space    used 4592K, capacity 4872K, committed 4992K, reserved 1048576K
}
Event: 4.421 GC heap before
{Heap before GC invocations=11 (full 2):
 PSYoungGen      total 399360K, used 386560K [0x000000076b200000, 0x0000000787780000, 0x00000007c0000000)
  eden space 386560K, 100% used [0x000000076b200000,0x0000000782b80000,0x0000000782b80000)
  from space 12800K, 0% used [0x0000000783b00000,0x0000000783b00000,0x0000000784780000)
  to   space 15872K, 0% used [0x0000000782b80000,0x0000000782b80000,0x0000000783b00000)
 ParOldGen       total 134144K, used 21922K [0x00000006c1600000, 0x00000006c9900000, 0x000000076b200000)
  object space 134144K, 16% used [0x00000006c1600000,0x00000006c2b68a20,0x00000006c9900000)
 Metaspace       used 43882K, capacity 45908K, committed 46080K, reserved 1089536K
  class space    used 5880K, capacity 6286K, committed 6400K, reserved 1048576K
Event: 4.434 GC heap after
Heap after GC invocations=11 (full 2):
 PSYoungGen      total 402432K, used 15859K [0x000000076b200000, 0x0000000787780000, 0x00000007c0000000)
  eden space 386560K, 0% used [0x000000076b200000,0x000000076b200000,0x0000000782b80000)
  from space 15872K, 99% used [0x0000000782b80000,0x0000000783afcf58,0x0000000783b00000)
  to   space 12800K, 0% used [0x0000000783b00000,0x0000000783b00000,0x0000000784780000)
 ParOldGen       total 134144K, used 25962K [0x00000006c1600000, 0x00000006c9900000, 0x000000076b200000)
  object space 134144K, 19% used [0x00000006c1600000,0x00000006c2f5aac0,0x00000006c9900000)
 Metaspace       used 43882K, capacity 45908K, committed 46080K, reserved 1089536K
  class space    used 5880K, capacity 6286K, committed 6400K, reserved 1048576K
}

